#-----------------------------------------------------------
# Vivado v2019.1 (64-bit)
# SW Build 2552052 on Fri May 24 14:49:42 MDT 2019
# IP Build 2548770 on Fri May 24 18:01:18 MDT 2019
# Start of session at: Sat Aug 22 20:57:28 2020
# Process ID: 14500
# Current directory: D:/STUDY/GitHubWork/Verilog-learning/09_uart_ram/vivado_fpga
# Command line: vivado.exe -gui_launcher_event rodinguilauncherevent1860 D:\STUDY\GitHubWork\Verilog-learning\09_uart_ram\vivado_fpga\vivado.xpr
# Log file: D:/STUDY/GitHubWork/Verilog-learning/09_uart_ram/vivado_fpga/vivado.log
# Journal file: D:/STUDY/GitHubWork/Verilog-learning/09_uart_ram/vivado_fpga\vivado.jou
#-----------------------------------------------------------
start_gui
open_project D:/STUDY/GitHubWork/Verilog-learning/09_uart_ram/vivado_fpga/vivado.xpr
INFO: [Project 1-313] Project file moved from 'C:/Users/67551/Desktop/uart_ram/vivado_fpga' since last save.
Scanning sources...
Finished scanning sources
INFO: [IP_Flow 19-234] Refreshing IP repositories
INFO: [IP_Flow 19-1704] No user IP repositories specified
INFO: [IP_Flow 19-2313] Loaded Vivado IP repository 'D:/STUDY/Xilinx/Vivado/2019.1/data/ip'.
open_project: Time (s): cpu = 00:00:17 ; elapsed = 00:00:08 . Memory (MB): peak = 813.273 ; gain = 178.539
update_compile_order -fileset sources_1
add_files -norecurse D:/STUDY/GitHubWork/Verilog-learning/09_uart_ram/verilog/ram_ctrl.v
update_compile_order -fileset sources_1
reset_run synth_1
launch_runs impl_1 -to_step write_bitstream -jobs 4
[Sat Aug 22 21:00:13 2020] Launched synth_1...
Run output will be captured here: D:/STUDY/GitHubWork/Verilog-learning/09_uart_ram/vivado_fpga/vivado.runs/synth_1/runme.log
[Sat Aug 22 21:00:13 2020] Launched impl_1...
Run output will be captured here: D:/STUDY/GitHubWork/Verilog-learning/09_uart_ram/vivado_fpga/vivado.runs/impl_1/runme.log
open_hw
connect_hw_server
INFO: [Labtools 27-2285] Connecting to hw_server url TCP:localhost:3121
INFO: [Labtools 27-2222] Launching hw_server...
INFO: [Labtools 27-2221] Launch Output:

****** Xilinx hw_server v2019.1
  **** Build date : May 24 2019 at 15:13:31
    ** Copyright 1986-2019 Xilinx, Inc. All Rights Reserved.


connect_hw_server: Time (s): cpu = 00:00:00 ; elapsed = 00:00:05 . Memory (MB): peak = 915.211 ; gain = 12.055
open_hw_target
INFO: [Labtoolstcl 44-466] Opening hw_target localhost:3121/xilinx_tcf/Digilent/210274533183A
set_property PROGRAM.FILE {D:/STUDY/GitHubWork/Verilog-learning/09_uart_ram/vivado_fpga/vivado.runs/impl_1/uart_ram.bit} [get_hw_devices xc7a100t_0]
current_hw_device [get_hw_devices xc7a100t_0]
refresh_hw_device -update_hw_probes false [lindex [get_hw_devices xc7a100t_0] 0]
INFO: [Labtools 27-1434] Device xc7a100t (JTAG device index = 0) is programmed with a design that has no supported debug core(s) in it.
set_property PROBES.FILE {} [get_hw_devices xc7a100t_0]
set_property FULL_PROBES.FILE {} [get_hw_devices xc7a100t_0]
set_property PROGRAM.FILE {D:/STUDY/GitHubWork/Verilog-learning/09_uart_ram/vivado_fpga/vivado.runs/impl_1/uart_ram.bit} [get_hw_devices xc7a100t_0]
program_hw_devices [get_hw_devices xc7a100t_0]
INFO: [Labtools 27-3164] End of startup status: HIGH
refresh_hw_device [lindex [get_hw_devices xc7a100t_0] 0]
INFO: [Labtools 27-1434] Device xc7a100t (JTAG device index = 0) is programmed with a design that has no supported debug core(s) in it.
ERROR: [Labtoolstcl 44-513] HW Target shutdown. Closing target: localhost:3121/xilinx_tcf/Digilent/210274533183A
INFO: [Labtoolstcl 44-466] Opening hw_target localhost:3121/xilinx_tcf/Digilent/210274533183A
INFO: [Labtools 27-1435] Device xc7a100t (JTAG device index = 0) is not programmed (DONE status = 0).
WARNING: [Labtoolstcl 44-129] No matching hw_ila_data was found.
set_property PROBES.FILE {} [get_hw_devices xc7a100t_0]
set_property FULL_PROBES.FILE {} [get_hw_devices xc7a100t_0]
set_property PROGRAM.FILE {D:/STUDY/GitHubWork/Verilog-learning/09_uart_ram/vivado_fpga/vivado.runs/impl_1/uart_ram.bit} [get_hw_devices xc7a100t_0]
program_hw_devices [get_hw_devices xc7a100t_0]
INFO: [Labtools 27-3164] End of startup status: HIGH
refresh_hw_device [lindex [get_hw_devices xc7a100t_0] 0]
INFO: [Labtools 27-1434] Device xc7a100t (JTAG device index = 0) is programmed with a design that has no supported debug core(s) in it.
open_run synth_1 -name synth_1
Design is defaulting to impl run constrset: constrs_1
Design is defaulting to synth run part: xc7a100tcsg324-1
INFO: [Device 21-403] Loading part xc7a100tcsg324-1
INFO: [Project 1-454] Reading design checkpoint 'd:/STUDY/GitHubWork/Verilog-learning/09_uart_ram/vivado_fpga/vivado.srcs/sources_1/ip/dmg_ram/dmg_ram.dcp' for cell 'sram_t'
INFO: [Netlist 29-17] Analyzing 8 Unisim elements for replacement
INFO: [Netlist 29-28] Unisim Transformation completed in 0 CPU seconds
INFO: [Project 1-479] Netlist was created with Vivado 2019.1
INFO: [Project 1-570] Preparing netlist for logic optimization
Parsing XDC File [D:/STUDY/GitHubWork/Verilog-learning/09_uart_ram/vivado_fpga/vivado.srcs/constrs_1/new/constrs_1.xdc]
Finished Parsing XDC File [D:/STUDY/GitHubWork/Verilog-learning/09_uart_ram/vivado_fpga/vivado.srcs/constrs_1/new/constrs_1.xdc]
INFO: [Opt 31-138] Pushed 0 inverter(s) to 0 load pin(s).
Netlist sorting complete. Time (s): cpu = 00:00:00 ; elapsed = 00:00:00 . Memory (MB): peak = 2391.988 ; gain = 0.000
INFO: [Project 1-111] Unisim Transformation Summary:
  A total of 8 instances were transformed.
  RAM256X1S => RAM256X1S (MUXF7, MUXF7, MUXF8, RAMS64E, RAMS64E, RAMS64E, RAMS64E): 8 instances

open_run: Time (s): cpu = 00:00:24 ; elapsed = 00:00:20 . Memory (MB): peak = 2554.699 ; gain = 487.648
reset_run synth_1
launch_runs impl_1 -to_step write_bitstream -jobs 4
WARNING: [Project 1-478] Design 'synth_1' is stale and will not be used when launching 'impl_1'
[Sat Aug 22 21:07:50 2020] Launched synth_1...
Run output will be captured here: D:/STUDY/GitHubWork/Verilog-learning/09_uart_ram/vivado_fpga/vivado.runs/synth_1/runme.log
[Sat Aug 22 21:07:50 2020] Launched impl_1...
Run output will be captured here: D:/STUDY/GitHubWork/Verilog-learning/09_uart_ram/vivado_fpga/vivado.runs/impl_1/runme.log
set_property PROBES.FILE {} [get_hw_devices xc7a100t_0]
set_property FULL_PROBES.FILE {} [get_hw_devices xc7a100t_0]
set_property PROGRAM.FILE {D:/STUDY/GitHubWork/Verilog-learning/09_uart_ram/vivado_fpga/vivado.runs/impl_1/uart_ram.bit} [get_hw_devices xc7a100t_0]
program_hw_devices [get_hw_devices xc7a100t_0]
INFO: [Labtools 27-3164] End of startup status: HIGH
refresh_hw_device [lindex [get_hw_devices xc7a100t_0] 0]
INFO: [Labtools 27-1434] Device xc7a100t (JTAG device index = 0) is programmed with a design that has no supported debug core(s) in it.
reset_run synth_1
launch_runs impl_1 -to_step write_bitstream -jobs 4
WARNING: [Project 1-478] Design 'synth_1' is stale and will not be used when launching 'impl_1'
[Sat Aug 22 21:11:57 2020] Launched synth_1...
Run output will be captured here: D:/STUDY/GitHubWork/Verilog-learning/09_uart_ram/vivado_fpga/vivado.runs/synth_1/runme.log
[Sat Aug 22 21:11:57 2020] Launched impl_1...
Run output will be captured here: D:/STUDY/GitHubWork/Verilog-learning/09_uart_ram/vivado_fpga/vivado.runs/impl_1/runme.log
set_property PROBES.FILE {} [get_hw_devices xc7a100t_0]
set_property FULL_PROBES.FILE {} [get_hw_devices xc7a100t_0]
set_property PROGRAM.FILE {D:/STUDY/GitHubWork/Verilog-learning/09_uart_ram/vivado_fpga/vivado.runs/impl_1/uart_ram.bit} [get_hw_devices xc7a100t_0]
program_hw_devices [get_hw_devices xc7a100t_0]
INFO: [Labtools 27-3164] End of startup status: HIGH
refresh_hw_device [lindex [get_hw_devices xc7a100t_0] 0]
INFO: [Labtools 27-1434] Device xc7a100t (JTAG device index = 0) is programmed with a design that has no supported debug core(s) in it.
reset_run synth_1
launch_runs impl_1 -to_step write_bitstream -jobs 4
WARNING: [Project 1-478] Design 'synth_1' is stale and will not be used when launching 'impl_1'
[Sat Aug 22 22:32:53 2020] Launched synth_1...
Run output will be captured here: D:/STUDY/GitHubWork/Verilog-learning/09_uart_ram/vivado_fpga/vivado.runs/synth_1/runme.log
[Sat Aug 22 22:32:53 2020] Launched impl_1...
Run output will be captured here: D:/STUDY/GitHubWork/Verilog-learning/09_uart_ram/vivado_fpga/vivado.runs/impl_1/runme.log
set_property PROBES.FILE {} [get_hw_devices xc7a100t_0]
set_property FULL_PROBES.FILE {} [get_hw_devices xc7a100t_0]
set_property PROGRAM.FILE {D:/STUDY/GitHubWork/Verilog-learning/09_uart_ram/vivado_fpga/vivado.runs/impl_1/uart_ram.bit} [get_hw_devices xc7a100t_0]
program_hw_devices [get_hw_devices xc7a100t_0]
INFO: [Labtools 27-3164] End of startup status: HIGH
refresh_hw_device [lindex [get_hw_devices xc7a100t_0] 0]
INFO: [Labtools 27-1434] Device xc7a100t (JTAG device index = 0) is programmed with a design that has no supported debug core(s) in it.
exit
INFO: [Common 17-206] Exiting Vivado at Sat Aug 22 22:41:25 2020...
