# do {uart_ram_tb_compile.do}
# ** Warning: (vlib-34) Library already exists at "modelsim_lib/work".
# 
# ** Warning: (vlib-34) Library already exists at "modelsim_lib/msim".
# 
# ** Warning: (vlib-34) Library already exists at "modelsim_lib/msim/dist_mem_gen_v8_0_13".
# 
# ** Warning: (vlib-34) Library already exists at "modelsim_lib/msim/xil_defaultlib".
# 
# Model Technology ModelSim SE-64 vmap 10.4 Lib Mapping Utility 2014.12 Dec  3 2014
# vmap dist_mem_gen_v8_0_13 modelsim_lib/msim/dist_mem_gen_v8_0_13 
# Modifying modelsim.ini
# Model Technology ModelSim SE-64 vmap 10.4 Lib Mapping Utility 2014.12 Dec  3 2014
# vmap xil_defaultlib modelsim_lib/msim/xil_defaultlib 
# Modifying modelsim.ini
# Model Technology ModelSim SE-64 vlog 10.4 Compiler 2014.12 Dec  3 2014
# Start time: 08:38:08 on Aug 03,2020
# vlog -64 -incr -work dist_mem_gen_v8_0_13 ../../../../vivado.ip_user_files/ipstatic/simulation/dist_mem_gen_v8_0.v 
# -- Skipping module dist_mem_gen_v8_0_13
# 
# Top level modules:
# 	dist_mem_gen_v8_0_13
# End time: 08:38:08 on Aug 03,2020, Elapsed time: 0:00:00
# Errors: 0, Warnings: 0
# Model Technology ModelSim SE-64 vlog 10.4 Compiler 2014.12 Dec  3 2014
# Start time: 08:38:08 on Aug 03,2020
# vlog -64 -incr -work xil_defaultlib ../../../../vivado.srcs/sources_1/ip/dmg_ram/sim/dmg_ram.v ../../../../../verilog/uart_baud.v ../../../../../verilog/uart_ram.v ../../../../../verilog/uart_rx.v ../../../../../verilog/uart_top.v ../../../../../verilog/uart_tx.v ../../../../../verilog/uart_ram_tb.v 
# -- Skipping module dmg_ram
# -- Skipping module uart_baud
# -- Skipping module uart_ram
# -- Skipping module uart_rx
# -- Skipping module uart_top
# -- Skipping module uart_tx
# -- Skipping module uart_ram_tb
# 
# Top level modules:
# 	uart_ram_tb
# End time: 08:38:08 on Aug 03,2020, Elapsed time: 0:00:00
# Errors: 0, Warnings: 0
# Model Technology ModelSim SE-64 vlog 10.4 Compiler 2014.12 Dec  3 2014
# Start time: 08:38:08 on Aug 03,2020
# vlog -work xil_defaultlib glbl.v 
# -- Compiling module glbl
# 
# Top level modules:
# 	glbl
# End time: 08:38:08 on Aug 03,2020, Elapsed time: 0:00:00
# Errors: 0, Warnings: 0
