#-----------------------------------------------------------
# Vivado v2019.1 (64-bit)
# SW Build 2552052 on Fri May 24 14:49:42 MDT 2019
# IP Build 2548770 on Fri May 24 18:01:18 MDT 2019
# Start of session at: Tue Jul 28 09:13:56 2020
# Process ID: 14248
# Current directory: D:/STUDY/GitHubWork/Verilog-learning/07_decode_47/decode
# Command line: vivado.exe -gui_launcher_event rodinguilauncherevent14352 D:\STUDY\GitHubWork\Verilog-learning\07_decode_47\decode\decode.xpr
# Log file: D:/STUDY/GitHubWork/Verilog-learning/07_decode_47/decode/vivado.log
# Journal file: D:/STUDY/GitHubWork/Verilog-learning/07_decode_47/decode\vivado.jou
#-----------------------------------------------------------
start_gui
open_project D:/STUDY/GitHubWork/Verilog-learning/07_decode_47/decode/decode.xpr
Scanning sources...
Finished scanning sources
INFO: [IP_Flow 19-234] Refreshing IP repositories
INFO: [IP_Flow 19-1704] No user IP repositories specified
INFO: [IP_Flow 19-2313] Loaded Vivado IP repository 'D:/STUDY/Xilinx/Vivado/2019.1/data/ip'.
open_project: Time (s): cpu = 00:00:17 ; elapsed = 00:00:08 . Memory (MB): peak = 811.352 ; gain = 163.914
update_compile_order -fileset sources_1
exit
INFO: [Common 17-206] Exiting Vivado at Tue Jul 28 09:14:29 2020...
